# JRE version: OpenJDK Runtime Environment Temurin-21.0.5+11 (21.0.5+11) (build 21.0.5+11-LTS)
# Java VM: OpenJDK 64-Bit Server VM Temurin-21.0.5+11 (21.0.5+11-LTS, mixed mode, tiered, compressed oops, compressed class ptrs, g1 gc, windows-amd64)
GC Precious Log:
 CardTable entry size: 512
 Card Set container configuration: InlinePtr #cards 4 size 8 Array Of Cards #cards 16 size 48 Howl #buckets 8 coarsen threshold 3686 Howl Bitmap #cards 512 size 80 coarsen threshold 460 Card regions per heap region 1 cards per card region 4096
 CPUs: 8 total, 8 available
 Memory: 11982M
 Large Page Support: Disabled
 NUMA Support: Disabled
 Compressed Oops: Enabled (Zero based)
 Heap Region Size: 2M
 Heap Min Capacity: 8M
 Heap Initial Capacity: 188M
 Heap Max Capacity: 2996M
 Pre-touch: Disabled
 Parallel Workers: 8
 Concurrent Workers: 2
 Concurrent Refinement Workers: 8
 Periodic GC: Disabled
Heap:
 garbage-first heap   total 276480K, used 200133K [0x0000000744c00000, 0x0000000800000000)
  region size 2048K, 44 young (90112K), 5 survivors (10240K)
 Metaspace       used 38809K, committed 39296K, reserved 1114112K
  class space    used 3717K, committed 3968K, reserved 1048576K
GC Heap History (20 events):
Event: 30.328 GC heap before
{Heap before GC invocations=37 (full 0):
 garbage-first heap   total 229376K, used 191124K [0x0000000744c00000, 0x0000000800000000)
  region size 2048K, 38 young (77824K), 5 survivors (10240K)
 Metaspace       used 37575K, committed 38016K, reserved 1114112K
  class space    used 3641K, committed 3840K, reserved 1048576K
}
Event: 30.350 GC heap after
{Heap after GC invocations=38 (full 0):
 garbage-first heap   total 229376K, used 102132K [0x0000000744c00000, 0x0000000800000000)
  region size 2048K, 2 young (4096K), 2 survivors (4096K)
 Metaspace       used 37575K, committed 38016K, reserved 1114112K
  class space    used 3641K, committed 3840K, reserved 1048576K
}
Event: 30.825 GC heap before
{Heap before GC invocations=38 (full 0):
 garbage-first heap   total 229376K, used 190196K [0x0000000744c00000, 0x0000000800000000)
  region size 2048K, 45 young (92160K), 2 survivors (4096K)
 Metaspace       used 37578K, committed 38016K, reserved 1114112K
  class space    used 3641K, committed 3840K, reserved 1048576K
}
Event: 30.837 GC heap after
{Heap after GC invocations=39 (full 0):
 garbage-first heap   total 229376K, used 94131K [0x0000000744c00000, 0x0000000800000000)
  region size 2048K, 2 young (4096K), 2 survivors (4096K)
 Metaspace       used 37578K, committed 38016K, reserved 1114112K
  class space    used 3641K, committed 3840K, reserved 1048576K
}
Event: 31.323 GC heap before
{Heap before GC invocations=39 (full 0):
 garbage-first heap   total 229376K, used 198579K [0x0000000744c00000, 0x0000000800000000)
  region size 2048K, 53 young (108544K), 2 survivors (4096K)
 Metaspace       used 37587K, committed 38016K, reserved 1114112K
  class space    used 3641K, committed 3840K, reserved 1048576K
}
Event: 31.332 GC heap after
{Heap after GC invocations=40 (full 0):
 garbage-first heap   total 229376K, used 94046K [0x0000000744c00000, 0x0000000800000000)
  region size 2048K, 2 young (4096K), 2 survivors (4096K)
 Metaspace       used 37587K, committed 38016K, reserved 1114112K
  class space    used 3641K, committed 3840K, reserved 1048576K
}
Event: 31.955 GC heap before
{Heap before GC invocations=40 (full 0):
 garbage-first heap   total 229376K, used 206686K [0x0000000744c00000, 0x0000000800000000)
  region size 2048K, 57 young (116736K), 2 survivors (4096K)
 Metaspace       used 37587K, committed 38016K, reserved 1114112K
  class space    used 3641K, committed 3840K, reserved 1048576K
}
Event: 31.963 GC heap after
{Heap after GC invocations=41 (full 0):
 garbage-first heap   total 276480K, used 93893K [0x0000000744c00000, 0x0000000800000000)
  region size 2048K, 2 young (4096K), 2 survivors (4096K)
 Metaspace       used 37587K, committed 38016K, reserved 1114112K
  class space    used 3641K, committed 3840K, reserved 1048576K
}
Event: 32.422 GC heap before
{Heap before GC invocations=41 (full 0):
 garbage-first heap   total 276480K, used 253637K [0x0000000744c00000, 0x0000000800000000)
  region size 2048K, 80 young (163840K), 2 survivors (4096K)
 Metaspace       used 37594K, committed 38016K, reserved 1114112K
  class space    used 3641K, committed 3840K, reserved 1048576K
}
Event: 32.427 GC heap after
{Heap after GC invocations=42 (full 0):
 garbage-first heap   total 276480K, used 93905K [0x0000000744c00000, 0x0000000800000000)
  region size 2048K, 2 young (4096K), 2 survivors (4096K)
 Metaspace       used 37594K, committed 38016K, reserved 1114112K
  class space    used 3641K, committed 3840K, reserved 1048576K
}
Event: 32.903 GC heap before
{Heap before GC invocations=42 (full 0):
 garbage-first heap   total 276480K, used 253649K [0x0000000744c00000, 0x0000000800000000)
  region size 2048K, 80 young (163840K), 2 survivors (4096K)
 Metaspace       used 37594K, committed 38016K, reserved 1114112K
  class space    used 3641K, committed 3840K, reserved 1048576K
}
Event: 32.908 GC heap after
{Heap after GC invocations=43 (full 0):
 garbage-first heap   total 276480K, used 93774K [0x0000000744c00000, 0x0000000800000000)
  region size 2048K, 2 young (4096K), 2 survivors (4096K)
 Metaspace       used 37594K, committed 38016K, reserved 1114112K
  class space    used 3641K, committed 3840K, reserved 1048576K
}
Event: 33.295 GC heap before
{Heap before GC invocations=44 (full 0):
 garbage-first heap   total 276480K, used 253518K [0x0000000744c00000, 0x0000000800000000)
  region size 2048K, 80 young (163840K), 2 survivors (4096K)
 Metaspace       used 37594K, committed 38016K, reserved 1114112K
  class space    used 3641K, committed 3840K, reserved 1048576K
}
Event: 33.299 GC heap after
{Heap after GC invocations=45 (full 0):
 garbage-first heap   total 276480K, used 93773K [0x0000000744c00000, 0x0000000800000000)
  region size 2048K, 2 young (4096K), 2 survivors (4096K)
 Metaspace       used 37594K, committed 38016K, reserved 1114112K
  class space    used 3641K, committed 3840K, reserved 1048576K
}
Event: 34.092 GC heap before
{Heap before GC invocations=45 (full 0):
 garbage-first heap   total 276480K, used 253517K [0x0000000744c00000, 0x0000000800000000)
  region size 2048K, 80 young (163840K), 2 survivors (4096K)
 Metaspace       used 37795K, committed 38208K, reserved 1114112K
  class space    used 3644K, committed 3840K, reserved 1048576K
}
Event: 34.102 GC heap after
{Heap after GC invocations=46 (full 0):
 garbage-first heap   total 276480K, used 92845K [0x0000000744c00000, 0x0000000800000000)
  region size 2048K, 4 young (8192K), 4 survivors (8192K)
 Metaspace       used 37795K, committed 38208K, reserved 1114112K
  class space    used 3644K, committed 3840K, reserved 1048576K
}
Event: 34.897 GC heap before
{Heap before GC invocations=46 (full 0):
 garbage-first heap   total 276480K, used 248493K [0x0000000744c00000, 0x0000000800000000)
  region size 2048K, 80 young (163840K), 4 survivors (8192K)
 Metaspace       used 38055K, committed 38400K, reserved 1114112K
  class space    used 3649K, committed 3840K, reserved 1048576K
}
Event: 34.929 GC heap after
{Heap after GC invocations=47 (full 0):
 garbage-first heap   total 276480K, used 111518K [0x0000000744c00000, 0x0000000800000000)
  region size 2048K, 10 young (20480K), 10 survivors (20480K)
 Metaspace       used 38055K, committed 38400K, reserved 1114112K
  class space    used 3649K, committed 3840K, reserved 1048576K
}
Event: 36.783 GC heap before
{Heap before GC invocations=48 (full 0):
 garbage-first heap   total 276480K, used 238494K [0x0000000744c00000, 0x0000000800000000)
  region size 2048K, 72 young (147456K), 10 survivors (20480K)
 Metaspace       used 38560K, committed 38976K, reserved 1114112K
  class space    used 3698K, committed 3904K, reserved 1048576K
}
Event: 36.811 GC heap after
{Heap after GC invocations=49 (full 0):
 garbage-first heap   total 276480K, used 122309K [0x0000000744c00000, 0x0000000800000000)
  region size 2048K, 5 young (10240K), 5 survivors (10240K)
 Metaspace       used 38560K, committed 38976K, reserved 1114112K
  class space    used 3698K, committed 3904K, reserved 1048576K
}

