# JRE version: OpenJDK Runtime Environment Temurin-21.0.5+11 (21.0.5+11) (build 21.0.5+11-LTS)
# Java VM: OpenJDK 64-Bit Server VM Temurin-21.0.5+11 (21.0.5+11-LTS, mixed mode, tiered, compressed oops, compressed class ptrs, g1 gc, windows-amd64)
GC Precious Log:
 CardTable entry size: 512
 Card Set container configuration: InlinePtr #cards 4 size 8 Array Of Cards #cards 16 size 48 Howl #buckets 8 coarsen threshold 3686 Howl Bitmap #cards 512 size 80 coarsen threshold 460 Card regions per heap region 1 cards per card region 4096
 CPUs: 8 total, 8 available
 Memory: 11982M
 Large Page Support: Disabled
 NUMA Support: Disabled
 Compressed Oops: Enabled (Zero based)
 Heap Region Size: 2M
 Heap Min Capacity: 8M
 Heap Initial Capacity: 188M
 Heap Max Capacity: 2996M
 Pre-touch: Disabled
 Parallel Workers: 8
 Concurrent Workers: 2
 Concurrent Refinement Workers: 8
 Periodic GC: Disabled
Heap:
 garbage-first heap   total 315392K, used 206794K [0x0000000744c00000, 0x0000000800000000)
  region size 2048K, 60 young (122880K), 3 survivors (6144K)
 Metaspace       used 37605K, committed 38016K, reserved 1114112K
  class space    used 3571K, committed 3776K, reserved 1048576K
GC Heap History (20 events):
Event: 25.645 GC heap before
{Heap before GC invocations=34 (full 0):
 garbage-first heap   total 219136K, used 162187K [0x0000000744c00000, 0x0000000800000000)
  region size 2048K, 28 young (57344K), 1 survivors (2048K)
 Metaspace       used 36971K, committed 37376K, reserved 1114112K
  class space    used 3556K, committed 3776K, reserved 1048576K
}
Event: 25.661 GC heap after
{Heap after GC invocations=35 (full 0):
 garbage-first heap   total 219136K, used 99553K [0x0000000744c00000, 0x0000000800000000)
  region size 2048K, 4 young (8192K), 4 survivors (8192K)
 Metaspace       used 36971K, committed 37376K, reserved 1114112K
  class space    used 3556K, committed 3776K, reserved 1048576K
}
Event: 26.345 GC heap before
{Heap before GC invocations=35 (full 0):
 garbage-first heap   total 219136K, used 167137K [0x0000000744c00000, 0x0000000800000000)
  region size 2048K, 37 young (75776K), 4 survivors (8192K)
 Metaspace       used 37100K, committed 37504K, reserved 1114112K
  class space    used 3557K, committed 3776K, reserved 1048576K
}
Event: 26.366 GC heap after
{Heap after GC invocations=36 (full 0):
 garbage-first heap   total 219136K, used 110446K [0x0000000744c00000, 0x0000000800000000)
  region size 2048K, 5 young (10240K), 5 survivors (10240K)
 Metaspace       used 37100K, committed 37504K, reserved 1114112K
  class space    used 3557K, committed 3776K, reserved 1048576K
}
Event: 27.322 GC heap before
{Heap before GC invocations=36 (full 0):
 garbage-first heap   total 219136K, used 173934K [0x0000000744c00000, 0x0000000800000000)
  region size 2048K, 36 young (73728K), 5 survivors (10240K)
 Metaspace       used 37251K, committed 37632K, reserved 1114112K
  class space    used 3560K, committed 3776K, reserved 1048576K
}
Event: 27.342 GC heap after
{Heap after GC invocations=37 (full 0):
 garbage-first heap   total 264192K, used 117826K [0x0000000744c00000, 0x0000000800000000)
  region size 2048K, 4 young (8192K), 4 survivors (8192K)
 Metaspace       used 37251K, committed 37632K, reserved 1114112K
  class space    used 3560K, committed 3776K, reserved 1048576K
}
Event: 28.011 GC heap before
{Heap before GC invocations=37 (full 0):
 garbage-first heap   total 264192K, used 207938K [0x0000000744c00000, 0x0000000800000000)
  region size 2048K, 48 young (98304K), 4 survivors (8192K)
 Metaspace       used 37306K, committed 37760K, reserved 1114112K
  class space    used 3568K, committed 3776K, reserved 1048576K
}
Event: 28.023 GC heap after
{Heap after GC invocations=38 (full 0):
 garbage-first heap   total 264192K, used 120283K [0x0000000744c00000, 0x0000000800000000)
  region size 2048K, 5 young (10240K), 5 survivors (10240K)
 Metaspace       used 37306K, committed 37760K, reserved 1114112K
  class space    used 3568K, committed 3776K, reserved 1048576K
}
Event: 28.358 GC heap before
{Heap before GC invocations=38 (full 0):
 garbage-first heap   total 264192K, used 224731K [0x0000000744c00000, 0x0000000800000000)
  region size 2048K, 56 young (114688K), 5 survivors (10240K)
 Metaspace       used 37306K, committed 37760K, reserved 1114112K
  class space    used 3568K, committed 3776K, reserved 1048576K
}
Event: 28.367 GC heap after
{Heap after GC invocations=39 (full 0):
 garbage-first heap   total 264192K, used 120343K [0x0000000744c00000, 0x0000000800000000)
  region size 2048K, 2 young (4096K), 2 survivors (4096K)
 Metaspace       used 37306K, committed 37760K, reserved 1114112K
  class space    used 3568K, committed 3776K, reserved 1048576K
}
Event: 28.717 GC heap before
{Heap before GC invocations=40 (full 0):
 garbage-first heap   total 264192K, used 226839K [0x0000000744c00000, 0x0000000800000000)
  region size 2048K, 58 young (118784K), 2 survivors (4096K)
 Metaspace       used 37292K, committed 37760K, reserved 1114112K
  class space    used 3564K, committed 3776K, reserved 1048576K
}
Event: 28.722 GC heap after
{Heap after GC invocations=41 (full 0):
 garbage-first heap   total 264192K, used 111664K [0x0000000744c00000, 0x0000000800000000)
  region size 2048K, 2 young (4096K), 2 survivors (4096K)
 Metaspace       used 37292K, committed 37760K, reserved 1114112K
  class space    used 3564K, committed 3776K, reserved 1048576K
}
Event: 29.118 GC heap before
{Heap before GC invocations=41 (full 0):
 garbage-first heap   total 264192K, used 240688K [0x0000000744c00000, 0x0000000800000000)
  region size 2048K, 65 young (133120K), 2 survivors (4096K)
 Metaspace       used 37294K, committed 37760K, reserved 1114112K
  class space    used 3564K, committed 3776K, reserved 1048576K
}
Event: 29.126 GC heap after
{Heap after GC invocations=42 (full 0):
 garbage-first heap   total 264192K, used 91542K [0x0000000744c00000, 0x0000000800000000)
  region size 2048K, 2 young (4096K), 2 survivors (4096K)
 Metaspace       used 37294K, committed 37760K, reserved 1114112K
  class space    used 3564K, committed 3776K, reserved 1048576K
}
Event: 29.885 GC heap before
{Heap before GC invocations=42 (full 0):
 garbage-first heap   total 264192K, used 243094K [0x0000000744c00000, 0x0000000800000000)
  region size 2048K, 76 young (155648K), 2 survivors (4096K)
 Metaspace       used 37298K, committed 37760K, reserved 1114112K
  class space    used 3564K, committed 3776K, reserved 1048576K
}
Event: 29.889 GC heap after
{Heap after GC invocations=43 (full 0):
 garbage-first heap   total 317440K, used 91414K [0x0000000744c00000, 0x0000000800000000)
  region size 2048K, 2 young (4096K), 2 survivors (4096K)
 Metaspace       used 37298K, committed 37760K, reserved 1114112K
  class space    used 3564K, committed 3776K, reserved 1048576K
}
Event: 30.502 GC heap before
{Heap before GC invocations=44 (full 0):
 garbage-first heap   total 315392K, used 275734K [0x0000000744c00000, 0x0000000800000000)
  region size 2048K, 92 young (188416K), 2 survivors (4096K)
 Metaspace       used 37298K, committed 37760K, reserved 1114112K
  class space    used 3564K, committed 3776K, reserved 1048576K
}
Event: 30.507 GC heap after
{Heap after GC invocations=45 (full 0):
 garbage-first heap   total 315392K, used 91356K [0x0000000744c00000, 0x0000000800000000)
  region size 2048K, 2 young (4096K), 2 survivors (4096K)
 Metaspace       used 37298K, committed 37760K, reserved 1114112K
  class space    used 3564K, committed 3776K, reserved 1048576K
}
Event: 30.995 GC heap before
{Heap before GC invocations=45 (full 0):
 garbage-first heap   total 315392K, used 275676K [0x0000000744c00000, 0x0000000800000000)
  region size 2048K, 92 young (188416K), 2 survivors (4096K)
 Metaspace       used 37444K, committed 37888K, reserved 1114112K
  class space    used 3567K, committed 3776K, reserved 1048576K
}
Event: 31.005 GC heap after
{Heap after GC invocations=46 (full 0):
 garbage-first heap   total 315392K, used 92106K [0x0000000744c00000, 0x0000000800000000)
  region size 2048K, 3 young (6144K), 3 survivors (6144K)
 Metaspace       used 37444K, committed 37888K, reserved 1114112K
  class space    used 3567K, committed 3776K, reserved 1048576K
}

