# JRE version: OpenJDK Runtime Environment Temurin-21.0.5+11 (21.0.5+11) (build 21.0.5+11-LTS)
# Java VM: OpenJDK 64-Bit Server VM Temurin-21.0.5+11 (21.0.5+11-LTS, mixed mode, tiered, compressed oops, compressed class ptrs, g1 gc, windows-amd64)
GC Precious Log:
 CardTable entry size: 512
 Card Set container configuration: InlinePtr #cards 4 size 8 Array Of Cards #cards 16 size 48 Howl #buckets 8 coarsen threshold 3686 Howl Bitmap #cards 512 size 80 coarsen threshold 460 Card regions per heap region 1 cards per card region 4096
 CPUs: 8 total, 8 available
 Memory: 11982M
 Large Page Support: Disabled
 NUMA Support: Disabled
 Compressed Oops: Enabled (Zero based)
 Heap Region Size: 2M
 Heap Min Capacity: 8M
 Heap Initial Capacity: 188M
 Heap Max Capacity: 2996M
 Pre-touch: Disabled
 Parallel Workers: 8
 Concurrent Workers: 2
 Concurrent Refinement Workers: 8
 Periodic GC: Disabled
Heap:
 garbage-first heap   total 153600K, used 70060K [0x0000000744c00000, 0x0000000800000000)
  region size 2048K, 1 young (2048K), 1 survivors (2048K)
 Metaspace       used 36839K, committed 37248K, reserved 1114112K
  class space    used 3556K, committed 3776K, reserved 1048576K
GC Heap History (20 events):
Event: 17.244 GC heap after
{Heap after GC invocations=15 (full 0):
 garbage-first heap   total 100352K, used 72368K [0x0000000744c00000, 0x0000000800000000)
  region size 2048K, 2 young (4096K), 2 survivors (4096K)
 Metaspace       used 34252K, committed 34688K, reserved 1114112K
  class space    used 3492K, committed 3712K, reserved 1048576K
}
Event: 17.588 GC heap before
{Heap before GC invocations=15 (full 0):
 garbage-first heap   total 100352K, used 84656K [0x0000000744c00000, 0x0000000800000000)
  region size 2048K, 8 young (16384K), 2 survivors (4096K)
 Metaspace       used 34339K, committed 34752K, reserved 1114112K
  class space    used 3493K, committed 3712K, reserved 1048576K
}
Event: 17.594 GC heap after
{Heap after GC invocations=16 (full 0):
 garbage-first heap   total 100352K, used 76114K [0x0000000744c00000, 0x0000000800000000)
  region size 2048K, 1 young (2048K), 1 survivors (2048K)
 Metaspace       used 34339K, committed 34752K, reserved 1114112K
  class space    used 3493K, committed 3712K, reserved 1048576K
}
Event: 17.838 GC heap before
{Heap before GC invocations=17 (full 0):
 garbage-first heap   total 126976K, used 82258K [0x0000000744c00000, 0x0000000800000000)
  region size 2048K, 6 young (12288K), 1 survivors (2048K)
 Metaspace       used 34296K, committed 34752K, reserved 1114112K
  class space    used 3482K, committed 3712K, reserved 1048576K
}
Event: 17.844 GC heap after
{Heap after GC invocations=18 (full 0):
 garbage-first heap   total 153600K, used 77486K [0x0000000744c00000, 0x0000000800000000)
  region size 2048K, 1 young (2048K), 1 survivors (2048K)
 Metaspace       used 34296K, committed 34752K, reserved 1114112K
  class space    used 3482K, committed 3712K, reserved 1048576K
}
Event: 18.771 GC heap before
{Heap before GC invocations=18 (full 0):
 garbage-first heap   total 153600K, used 118446K [0x0000000744c00000, 0x0000000800000000)
  region size 2048K, 22 young (45056K), 1 survivors (2048K)
 Metaspace       used 34646K, committed 35072K, reserved 1114112K
  class space    used 3486K, committed 3712K, reserved 1048576K
}
Event: 18.788 GC heap after
{Heap after GC invocations=19 (full 0):
 garbage-first heap   total 153600K, used 72825K [0x0000000744c00000, 0x0000000800000000)
  region size 2048K, 3 young (6144K), 3 survivors (6144K)
 Metaspace       used 34646K, committed 35072K, reserved 1114112K
  class space    used 3486K, committed 3712K, reserved 1048576K
}
Event: 19.805 GC heap before
{Heap before GC invocations=19 (full 0):
 garbage-first heap   total 153600K, used 115833K [0x0000000744c00000, 0x0000000800000000)
  region size 2048K, 24 young (49152K), 3 survivors (6144K)
 Metaspace       used 34920K, committed 35328K, reserved 1114112K
  class space    used 3495K, committed 3712K, reserved 1048576K
}
Event: 19.821 GC heap after
{Heap after GC invocations=20 (full 0):
 garbage-first heap   total 153600K, used 64515K [0x0000000744c00000, 0x0000000800000000)
  region size 2048K, 3 young (6144K), 3 survivors (6144K)
 Metaspace       used 34920K, committed 35328K, reserved 1114112K
  class space    used 3495K, committed 3712K, reserved 1048576K
}
Event: 20.747 GC heap before
{Heap before GC invocations=20 (full 0):
 garbage-first heap   total 153600K, used 109571K [0x0000000744c00000, 0x0000000800000000)
  region size 2048K, 25 young (51200K), 3 survivors (6144K)
 Metaspace       used 35273K, committed 35712K, reserved 1114112K
  class space    used 3501K, committed 3712K, reserved 1048576K
}
Event: 20.750 GC heap after
{Heap after GC invocations=21 (full 0):
 garbage-first heap   total 153600K, used 61066K [0x0000000744c00000, 0x0000000800000000)
  region size 2048K, 1 young (2048K), 1 survivors (2048K)
 Metaspace       used 35273K, committed 35712K, reserved 1114112K
  class space    used 3501K, committed 3712K, reserved 1048576K
}
Event: 22.523 GC heap before
{Heap before GC invocations=21 (full 0):
 garbage-first heap   total 153600K, used 128650K [0x0000000744c00000, 0x0000000800000000)
  region size 2048K, 35 young (71680K), 1 survivors (2048K)
 Metaspace       used 35757K, committed 36160K, reserved 1114112K
  class space    used 3514K, committed 3712K, reserved 1048576K
}
Event: 22.530 GC heap after
{Heap after GC invocations=22 (full 0):
 garbage-first heap   total 153600K, used 67099K [0x0000000744c00000, 0x0000000800000000)
  region size 2048K, 4 young (8192K), 4 survivors (8192K)
 Metaspace       used 35757K, committed 36160K, reserved 1114112K
  class space    used 3514K, committed 3712K, reserved 1048576K
}
Event: 24.239 GC heap before
{Heap before GC invocations=22 (full 0):
 garbage-first heap   total 153600K, used 130587K [0x0000000744c00000, 0x0000000800000000)
  region size 2048K, 35 young (71680K), 4 survivors (8192K)
 Metaspace       used 36422K, committed 36864K, reserved 1114112K
  class space    used 3544K, committed 3776K, reserved 1048576K
}
Event: 24.254 GC heap after
{Heap after GC invocations=23 (full 0):
 garbage-first heap   total 153600K, used 72084K [0x0000000744c00000, 0x0000000800000000)
  region size 2048K, 5 young (10240K), 5 survivors (10240K)
 Metaspace       used 36422K, committed 36864K, reserved 1114112K
  class space    used 3544K, committed 3776K, reserved 1048576K
}
Event: 26.023 GC heap before
{Heap before GC invocations=23 (full 0):
 garbage-first heap   total 153600K, used 123284K [0x0000000744c00000, 0x0000000800000000)
  region size 2048K, 30 young (61440K), 5 survivors (10240K)
 Metaspace       used 36723K, committed 37184K, reserved 1114112K
  class space    used 3557K, committed 3776K, reserved 1048576K
}
Event: 26.031 GC heap after
{Heap after GC invocations=24 (full 0):
 garbage-first heap   total 153600K, used 74770K [0x0000000744c00000, 0x0000000800000000)
  region size 2048K, 2 young (4096K), 2 survivors (4096K)
 Metaspace       used 36723K, committed 37184K, reserved 1114112K
  class space    used 3557K, committed 3776K, reserved 1048576K
}
Event: 27.054 GC heap before
{Heap before GC invocations=25 (full 0):
 garbage-first heap   total 153600K, used 117778K [0x0000000744c00000, 0x0000000800000000)
  region size 2048K, 27 young (55296K), 2 survivors (4096K)
 Metaspace       used 36783K, committed 37184K, reserved 1114112K
  class space    used 3556K, committed 3776K, reserved 1048576K
}
Event: 27.070 GC heap after
{Heap after GC invocations=26 (full 0):
 garbage-first heap   total 153600K, used 84169K [0x0000000744c00000, 0x0000000800000000)
  region size 2048K, 4 young (8192K), 4 survivors (8192K)
 Metaspace       used 36783K, committed 37184K, reserved 1114112K
  class space    used 3556K, committed 3776K, reserved 1048576K
}
Event: 27.202 GC heap before
{Heap before GC invocations=26 (full 0):
 garbage-first heap   total 153600K, used 123081K [0x0000000744c00000, 0x0000000800000000)
  region size 2048K, 23 young (47104K), 4 survivors (8192K)
 Metaspace       used 36839K, committed 37248K, reserved 1114112K
  class space    used 3556K, committed 3776K, reserved 1048576K
}

